Using pre-set license
Built from '2021.1/staging' branch; Version is '2021.1.21f1 (f2d5d3c59f8c) revision 15914451'; Using compiler version '192528614'; Build Type 'Release'
OS: 'Windows 10 Home; OS build 19042.1415; Version 2009; 64bit' Language: 'fr' Physical Memory: 32717 MB
BatchMode: 1, IsHumanControllingUs: 0, StartBugReporterOnCrash: 0, Is64bit: 1, IsPro: 0

COMMAND LINE ARGUMENTS:
C:\Program Files\Unity\Hub\Editor\2021.1.21f1\Editor\Unity.exe
-adb2
-batchMode
-noUpm
-name
AssetImportWorker0
-projectPath
C:/Users/Dimit/Documents/GitHub/Epita-RPG/EpitaJeu
-logFile
Logs/AssetImportWorker0.log
-srvPort
50501
Successfully changed project path to: C:/Users/Dimit/Documents/GitHub/Epita-RPG/EpitaJeu
C:/Users/Dimit/Documents/GitHub/Epita-RPG/EpitaJeu
Using Asset Import Pipeline V2.
Refreshing native plugins compatible for Editor in 127.15 ms, found 3 plugins.
Preloading 0 native plugins for Editor in 0.00 ms.
Initialize engine version: 2021.1.21f1 (f2d5d3c59f8c)
[Subsystems] Discovering subsystems at path C:/Program Files/Unity/Hub/Editor/2021.1.21f1/Editor/Data/Resources/UnitySubsystems
[Subsystems] Discovering subsystems at path C:/Users/Dimit/Documents/GitHub/Epita-RPG/EpitaJeu/Assets
GfxDevice: creating device client; threaded=0; jobified=0
Direct3D:
    Version:  Direct3D 11.0 [level 11.1]
    Renderer: NVIDIA GeForce RTX 2060 SUPER (ID=0x1f06)
    Vendor:   NVIDIA
    VRAM:     8031 MB
    Driver:   27.21.14.5671
Initialize mono
Mono path[0] = 'C:/Program Files/Unity/Hub/Editor/2021.1.21f1/Editor/Data/Managed'
Mono path[1] = 'C:/Program Files/Unity/Hub/Editor/2021.1.21f1/Editor/Data/MonoBleedingEdge/lib/mono/unityjit'
Mono config path = 'C:/Program Files/Unity/Hub/Editor/2021.1.21f1/Editor/Data/MonoBleedingEdge/etc'
Using monoOptions --debugger-agent=transport=dt_socket,embedding=1,server=y,suspend=n,address=127.0.0.1:56508
Begin MonoManager ReloadAssembly
Registering precompiled unity dll's ...
Register platform support module: C:/Program Files/Unity/Hub/Editor/2021.1.21f1/Editor/Data/PlaybackEngines/WindowsStandaloneSupport/UnityEditor.WindowsStandalone.Extensions.dll
Registered in 0.001608 seconds.
Native extension for WindowsStandalone target not found
Refreshing native plugins compatible for Editor in 130.81 ms, found 3 plugins.
Preloading 0 native plugins for Editor in 0.00 ms.
Mono: successfully reloaded assembly
- Completed reload, in  1.072 seconds
Domain Reload Profiling:
	ReloadAssembly (1072ms)
		BeginReloadAssembly (50ms)
			ExecutionOrderSort (0ms)
			DisableScriptedObjects (0ms)
			BackupInstance (0ms)
			ReleaseScriptingObjects (0ms)
			CreateAndSetChildDomain (1ms)
		EndReloadAssembly (437ms)
			LoadAssemblies (49ms)
			RebuildTransferFunctionScriptingTraits (0ms)
			SetupTypeCache (131ms)
			ReleaseScriptCaches (0ms)
			RebuildScriptCaches (24ms)
			SetupLoadedEditorAssemblies (244ms)
				LogAssemblyErrors (0ms)
				InitializePlatformSupportModulesInManaged (5ms)
				SetLoadedEditorAssemblies (0ms)
				RefreshPlugins (131ms)
				BeforeProcessingInitializeOnLoad (1ms)
				ProcessInitializeOnLoadAttributes (82ms)
				ProcessInitializeOnLoadMethodAttributes (24ms)
				AfterProcessingInitializeOnLoad (0ms)
				EditorAssembliesLoaded (0ms)
			ExecutionOrderSort2 (0ms)
			AwakeInstancesAfterBackupRestoration (0ms)
Platform modules already initialized, skipping
Registering precompiled user dll's ...
Registered in 0.004600 seconds.
Begin MonoManager ReloadAssembly
Symbol file LoadedFromMemory doesn't match image C:\Users\Dimit\Documents\GitHub\Epita-RPG\EpitaJeu\Library\PackageCache\com.unity.visualscripting@1.6.1\Editor\VisualScripting.Core\Dependencies\YamlDotNet\Unity.VisualScripting.YamlDotNet.dll
Symbol file LoadedFromMemory doesn't match image C:\Users\Dimit\Documents\GitHub\Epita-RPG\EpitaJeu\Library\PackageCache\com.unity.visualscripting@1.6.1\Editor\VisualScripting.Core\Dependencies\DotNetZip\Unity.VisualScripting.IonicZip.dll
Native extension for WindowsStandalone target not found
Refreshing native plugins compatible for Editor in 136.43 ms, found 3 plugins.
Preloading 0 native plugins for Editor in 0.00 ms.
Mono: successfully reloaded assembly
- Completed reload, in  1.133 seconds
Domain Reload Profiling:
	ReloadAssembly (1133ms)
		BeginReloadAssembly (135ms)
			ExecutionOrderSort (0ms)
			DisableScriptedObjects (5ms)
			BackupInstance (0ms)
			ReleaseScriptingObjects (0ms)
			CreateAndSetChildDomain (18ms)
		EndReloadAssembly (945ms)
			LoadAssemblies (80ms)
			RebuildTransferFunctionScriptingTraits (0ms)
			SetupTypeCache (307ms)
			ReleaseScriptCaches (1ms)
			RebuildScriptCaches (50ms)
			SetupLoadedEditorAssemblies (430ms)
				LogAssemblyErrors (0ms)
				InitializePlatformSupportModulesInManaged (3ms)
				SetLoadedEditorAssemblies (0ms)
				RefreshPlugins (137ms)
				BeforeProcessingInitializeOnLoad (81ms)
				ProcessInitializeOnLoadAttributes (200ms)
				ProcessInitializeOnLoadMethodAttributes (4ms)
				AfterProcessingInitializeOnLoad (6ms)
				EditorAssembliesLoaded (0ms)
			ExecutionOrderSort2 (0ms)
			AwakeInstancesAfterBackupRestoration (6ms)
Platform modules already initialized, skipping
========================================================================
Worker process is ready to serve import requests
Launched and connected shader compiler UnityShaderCompiler.exe after 0.03 seconds
Refreshing native plugins compatible for Editor in 1.19 ms, found 3 plugins.
Preloading 0 native plugins for Editor in 0.00 ms.
Unloading 4474 Unused Serialized files (Serialized files now loaded: 0)
System memory in use before: 207.0 MB.
System memory in use after: 207.2 MB.

Unloading 21 unused Assets to reduce memory usage. Loaded Objects now: 4951.
Total: 3.369600 ms (FindLiveObjects: 0.343600 ms CreateObjectMapping: 0.109800 ms MarkObjects: 2.821400 ms  DeleteObjects: 0.093600 ms)

AssetImportParameters requested are different than current active one (requested -> active):
  custom:framework-win-MediaFoundation: 216162199b28c13a410421893ffa2e32 -> 
  custom:video-decoder-ogg-theora: a1e56fd34408186e4bbccfd4996cb3dc -> 
  custom:container-muxer-webm: aa71ff27fc2769a1b78a27578f13a17b -> 
  custom:container-demuxer-webm: 4f35f7cbe854078d1ac9338744f61a02 -> 
  custom:container-demuxer-ogg: 62fdf1f143b41e24485cea50d1cbac27 -> 
  custom:video-encoder-webm-vp8: eb34c28f22e8b96e1ab97ce403110664 -> 
  custom:video-decoder-webm-vp8: 9c59270c3fd7afecdb556c50c9e8de78 -> 
  custom:audio-decoder-ogg-vorbis: bf7c407c2cedff20999df2af8eb42d56 -> 
  custom:audio-encoder-webm-vorbis: bf7c407c2cedff20999df2af8eb42d56 -> 
========================================================================
Received Import Request.
  path: Assets/Import/Chateau/PolygonKnights/Prefabs/Characters/Character_Soldier_02_Yellow.prefab
  artifactKey: Guid(0ce8d79c0cd21d640acf39e223c5fd26) Importer(815301076,1909f56bfc062723c751e8b465ee728b)
Start importing Assets/Import/Chateau/PolygonKnights/Prefabs/Characters/Character_Soldier_02_Yellow.prefab using Guid(0ce8d79c0cd21d640acf39e223c5fd26) Importer(815301076,1909f56bfc062723c751e8b465ee728b)  -> (artifact id: '589e56713ddac88b3318189ccd5c3b28') in 0.206418 seconds 
========================================================================
Received Import Request.
  Time since last request: 0.000139 seconds.
  path: Assets/Import/Chateau/PolygonKnights/Prefabs/Characters/Character_Knight_02_Blue.prefab
  artifactKey: Guid(7320372aefdc71442a2cf8b68a738f3b) Importer(815301076,1909f56bfc062723c751e8b465ee728b)
Start importing Assets/Import/Chateau/PolygonKnights/Prefabs/Characters/Character_Knight_02_Blue.prefab using Guid(7320372aefdc71442a2cf8b68a738f3b) Importer(815301076,1909f56bfc062723c751e8b465ee728b)  -> (artifact id: 'aba29949574850dc504831b0fd4647d4') in 0.042880 seconds 
========================================================================
Received Import Request.
  Time since last request: 0.000141 seconds.
  path: Assets/Import/Chateau/PolygonKnights/Prefabs/Characters/Character_Knight_03_Black.prefab
  artifactKey: Guid(8f6b0c88789bc024189afa8e609cf122) Importer(815301076,1909f56bfc062723c751e8b465ee728b)
Start importing Assets/Import/Chateau/PolygonKnights/Prefabs/Characters/Character_Knight_03_Black.prefab using Guid(8f6b0c88789bc024189afa8e609cf122) Importer(815301076,1909f56bfc062723c751e8b465ee728b)  -> (artifact id: 'fa92315d9829f31839e9a433263e5f20') in 0.035583 seconds 
========================================================================
Received Import Request.
  Time since last request: 0.000159 seconds.
  path: Assets/Import/Chateau/PolygonKnights/Prefabs/Characters/Character_Soldier_01_Yellow.prefab
  artifactKey: Guid(1da128d179f99f24b8127fd97ca15aac) Importer(815301076,1909f56bfc062723c751e8b465ee728b)
Start importing Assets/Import/Chateau/PolygonKnights/Prefabs/Characters/Character_Soldier_01_Yellow.prefab using Guid(1da128d179f99f24b8127fd97ca15aac) Importer(815301076,1909f56bfc062723c751e8b465ee728b)  -> (artifact id: '9460edf9c512ef3f6723cda21fead1c5') in 0.038611 seconds 
========================================================================
Received Import Request.
  Time since last request: 0.000139 seconds.
  path: Assets/Import/Chateau/PolygonKnights/Prefabs/Characters/Character_Knight_01_Orange.prefab
  artifactKey: Guid(360c73b9bf9a34d4c84bc0581d0499eb) Importer(815301076,1909f56bfc062723c751e8b465ee728b)
Start importing Assets/Import/Chateau/PolygonKnights/Prefabs/Characters/Character_Knight_01_Orange.prefab using Guid(360c73b9bf9a34d4c84bc0581d0499eb) Importer(815301076,1909f56bfc062723c751e8b465ee728b)  -> (artifact id: '1b503a9d66892aceaf5d63744d88484b') in 0.038677 seconds 
========================================================================
Received Import Request.
  Time since last request: 0.000150 seconds.
  path: Assets/Import/Chateau/PolygonKnights/Prefabs/Characters/Character_Knight_03_Blue.prefab
  artifactKey: Guid(a62e0ab0f0837ca48adf4710699a7e91) Importer(815301076,1909f56bfc062723c751e8b465ee728b)
Start importing Assets/Import/Chateau/PolygonKnights/Prefabs/Characters/Character_Knight_03_Blue.prefab using Guid(a62e0ab0f0837ca48adf4710699a7e91) Importer(815301076,1909f56bfc062723c751e8b465ee728b)  -> (artifact id: 'bd0565273596cab4d55c67ed642abecb') in 0.036833 seconds 
========================================================================
Received Import Request.
  Time since last request: 0.000178 seconds.
  path: Assets/Import/Chateau/PolygonKnights/Prefabs/Characters/Character_Soldier_01_Black.prefab
  artifactKey: Guid(a6ebdfa58063c6e40a19612fc9013404) Importer(815301076,1909f56bfc062723c751e8b465ee728b)
Start importing Assets/Import/Chateau/PolygonKnights/Prefabs/Characters/Character_Soldier_01_Black.prefab using Guid(a6ebdfa58063c6e40a19612fc9013404) Importer(815301076,1909f56bfc062723c751e8b465ee728b)  -> (artifact id: 'f6709e5109394030627d0e562f0541fa') in 0.030345 seconds 
========================================================================
Received Import Request.
  Time since last request: 0.000174 seconds.
  path: Assets/Import/Chateau/PolygonKnights/Prefabs/Characters/Character_Knight_03_Yellow.prefab
  artifactKey: Guid(8106ba7338a788b4490a524fc4c3957f) Importer(815301076,1909f56bfc062723c751e8b465ee728b)
Start importing Assets/Import/Chateau/PolygonKnights/Prefabs/Characters/Character_Knight_03_Yellow.prefab using Guid(8106ba7338a788b4490a524fc4c3957f) Importer(815301076,1909f56bfc062723c751e8b465ee728b)  -> (artifact id: '74d6042a14279d7c920645e651097606') in 0.012817 seconds 
========================================================================
Received Import Request.
  Time since last request: 0.000126 seconds.
  path: Assets/Import/Chateau/PolygonKnights/Prefabs/Characters/Character_Soldier_02_Blue.prefab
  artifactKey: Guid(cca9b8b9bbb59ce409c11aea054f6a9d) Importer(815301076,1909f56bfc062723c751e8b465ee728b)
Start importing Assets/Import/Chateau/PolygonKnights/Prefabs/Characters/Character_Soldier_02_Blue.prefab using Guid(cca9b8b9bbb59ce409c11aea054f6a9d) Importer(815301076,1909f56bfc062723c751e8b465ee728b)  -> (artifact id: 'b3718fd764b178d0561a55e358a3b606') in 0.014583 seconds 
========================================================================
Received Import Request.
  Time since last request: 0.000165 seconds.
  path: Assets/Import/Chateau/PolygonKnights/Prefabs/Characters/Character_Knight_02_Orange.prefab
  artifactKey: Guid(2f4930b22c943444e856b508d62919b2) Importer(815301076,1909f56bfc062723c751e8b465ee728b)
Start importing Assets/Import/Chateau/PolygonKnights/Prefabs/Characters/Character_Knight_02_Orange.prefab using Guid(2f4930b22c943444e856b508d62919b2) Importer(815301076,1909f56bfc062723c751e8b465ee728b)  -> (artifact id: '46ac1d521d29d1431c5eea546eab973f') in 0.014541 seconds 
========================================================================
Received Import Request.
  Time since last request: 0.000146 seconds.
  path: Assets/Import/Chateau/PolygonKnights/Prefabs/Characters/Character_Knight_02_Black.prefab
  artifactKey: Guid(f9d38fed7b251cb4f9546516bfaa11c3) Importer(815301076,1909f56bfc062723c751e8b465ee728b)
Start importing Assets/Import/Chateau/PolygonKnights/Prefabs/Characters/Character_Knight_02_Black.prefab using Guid(f9d38fed7b251cb4f9546516bfaa11c3) Importer(815301076,1909f56bfc062723c751e8b465ee728b)  -> (artifact id: '3a719938820e06d67d8f042b9b98e582') in 0.014693 seconds 
========================================================================
Received Import Request.
  Time since last request: 0.000136 seconds.
  path: Assets/Import/Chateau/PolygonKnights/Prefabs/Characters/Character_Knight_03_Orange.prefab
  artifactKey: Guid(7cd674477aac5864fb88016585b7e3e2) Importer(815301076,1909f56bfc062723c751e8b465ee728b)
Start importing Assets/Import/Chateau/PolygonKnights/Prefabs/Characters/Character_Knight_03_Orange.prefab using Guid(7cd674477aac5864fb88016585b7e3e2) Importer(815301076,1909f56bfc062723c751e8b465ee728b)  -> (artifact id: '6f0cad79322f98913928a0c0d9cce7e6') in 0.015808 seconds 
========================================================================
Received Import Request.
  Time since last request: 0.000196 seconds.
  path: Assets/Import/Chateau/PolygonKnights/Prefabs/Characters/Character_Soldier_02_Black.prefab
  artifactKey: Guid(ef3c7a6cdd822654c9ff74c4222fa2b9) Importer(815301076,1909f56bfc062723c751e8b465ee728b)
Start importing Assets/Import/Chateau/PolygonKnights/Prefabs/Characters/Character_Soldier_02_Black.prefab using Guid(ef3c7a6cdd822654c9ff74c4222fa2b9) Importer(815301076,1909f56bfc062723c751e8b465ee728b)  -> (artifact id: 'd0a080c656c15f8c14835369e1b2bbc1') in 0.014381 seconds 
========================================================================
Received Import Request.
  Time since last request: 0.000155 seconds.
  path: Assets/Import/Chateau/PolygonKnights/Prefabs/Characters/Character_Knight_01_Black.prefab
  artifactKey: Guid(507f5dc602b42c549a32a51aa9236bb1) Importer(815301076,1909f56bfc062723c751e8b465ee728b)
Start importing Assets/Import/Chateau/PolygonKnights/Prefabs/Characters/Character_Knight_01_Black.prefab using Guid(507f5dc602b42c549a32a51aa9236bb1) Importer(815301076,1909f56bfc062723c751e8b465ee728b)  -> (artifact id: '330b570ac854c6380c0b2032a5c3852b') in 0.015096 seconds 
========================================================================
Received Import Request.
  Time since last request: 0.000170 seconds.
  path: Assets/Import/Chateau/PolygonKnights/Prefabs/Characters/Character_Knight_01_Blue.prefab
  artifactKey: Guid(b81ba67e44b1b174d9ef4491f146ee35) Importer(815301076,1909f56bfc062723c751e8b465ee728b)
Start importing Assets/Import/Chateau/PolygonKnights/Prefabs/Characters/Character_Knight_01_Blue.prefab using Guid(b81ba67e44b1b174d9ef4491f146ee35) Importer(815301076,1909f56bfc062723c751e8b465ee728b)  -> (artifact id: '9b18372b3f0c5200e70abc3876e1c487') in 0.013622 seconds 
========================================================================
Received Import Request.
  Time since last request: 0.000173 seconds.
  path: Assets/Import/Chateau/PolygonKnights/Prefabs/Characters/Character_Soldier_02_Orange.prefab
  artifactKey: Guid(3b8c3b6dee6c92d4bb9953c1bbede39b) Importer(815301076,1909f56bfc062723c751e8b465ee728b)
Start importing Assets/Import/Chateau/PolygonKnights/Prefabs/Characters/Character_Soldier_02_Orange.prefab using Guid(3b8c3b6dee6c92d4bb9953c1bbede39b) Importer(815301076,1909f56bfc062723c751e8b465ee728b)  -> (artifact id: '3498326e205d9986f4e1bb2275f21189') in 0.015463 seconds 
========================================================================
Received Import Request.
  Time since last request: 0.000179 seconds.
  path: Assets/Import/Chateau/PolygonKnights/Prefabs/Characters/Character_Knight_02_Yellow.prefab
  artifactKey: Guid(b2d86ece2910c424eb07c39d2772e780) Importer(815301076,1909f56bfc062723c751e8b465ee728b)
Start importing Assets/Import/Chateau/PolygonKnights/Prefabs/Characters/Character_Knight_02_Yellow.prefab using Guid(b2d86ece2910c424eb07c39d2772e780) Importer(815301076,1909f56bfc062723c751e8b465ee728b)  -> (artifact id: '4fe51d2bf0fdeac879af72a632d88909') in 0.015139 seconds 
========================================================================
Received Import Request.
  Time since last request: 0.000163 seconds.
  path: Assets/Import/Chateau/PolygonKnights/Prefabs/Characters/Character_Soldier_01_Orange.prefab
  artifactKey: Guid(de9acb9f71f3b514697b1065f1065e4f) Importer(815301076,1909f56bfc062723c751e8b465ee728b)
Start importing Assets/Import/Chateau/PolygonKnights/Prefabs/Characters/Character_Soldier_01_Orange.prefab using Guid(de9acb9f71f3b514697b1065f1065e4f) Importer(815301076,1909f56bfc062723c751e8b465ee728b)  -> (artifact id: '09e5646818f17c387114643946362eb6') in 0.014591 seconds 
========================================================================
Received Import Request.
  Time since last request: 0.000169 seconds.
  path: Assets/Import/Chateau/PolygonKnights/Prefabs/Characters/Character_Soldier_01_Blue.prefab
  artifactKey: Guid(aa03ca6a3953ccc4397f5f35d2aa0a6d) Importer(815301076,1909f56bfc062723c751e8b465ee728b)
Start importing Assets/Import/Chateau/PolygonKnights/Prefabs/Characters/Character_Soldier_01_Blue.prefab using Guid(aa03ca6a3953ccc4397f5f35d2aa0a6d) Importer(815301076,1909f56bfc062723c751e8b465ee728b)  -> (artifact id: '912996b65b657abd9d113035f67842f7') in 0.013939 seconds 
========================================================================
Received Import Request.
  Time since last request: 0.000173 seconds.
  path: Assets/Import/Chateau/PolygonKnights/Prefabs/Characters/Character_Knight_01_Yellow.prefab
  artifactKey: Guid(359a3881d0d0e4143a67b57d6482e854) Importer(815301076,1909f56bfc062723c751e8b465ee728b)
Start importing Assets/Import/Chateau/PolygonKnights/Prefabs/Characters/Character_Knight_01_Yellow.prefab using Guid(359a3881d0d0e4143a67b57d6482e854) Importer(815301076,1909f56bfc062723c751e8b465ee728b)  -> (artifact id: '047d51ad1543ee227717c42b6ec3a791') in 0.013344 seconds 
========================================================================
Received Import Request.
  Time since last request: 252.940376 seconds.
  path: Assets/Prefabe/PNJ/Stay/Archer.prefab
  artifactKey: Guid(0284141238daf6f49be6d3b207370b4f) Importer(815301076,1909f56bfc062723c751e8b465ee728b)
Start importing Assets/Prefabe/PNJ/Stay/Archer.prefab using Guid(0284141238daf6f49be6d3b207370b4f) Importer(815301076,1909f56bfc062723c751e8b465ee728b)  -> (artifact id: '8958814f8412cbdd761a1992d6c2d466') in 0.070058 seconds 
========================================================================
Received Import Request.
  Time since last request: 0.000159 seconds.
  path: Assets/Prefabe/PNJ/Stay/Epee.prefab
  artifactKey: Guid(d437355a9ba5bdf4ab7ed4104a17d7e4) Importer(815301076,1909f56bfc062723c751e8b465ee728b)
Start importing Assets/Prefabe/PNJ/Stay/Epee.prefab using Guid(d437355a9ba5bdf4ab7ed4104a17d7e4) Importer(815301076,1909f56bfc062723c751e8b465ee728b)  -> (artifact id: '9e912f94c599e3c1219be2f1be18f97e') in 0.048820 seconds 
========================================================================
Received Import Request.
  Time since last request: 0.000145 seconds.
  path: Assets/Prefabe/PNJ/Stay/Mage.prefab
  artifactKey: Guid(96840cec2ba6546479c67740d38d7737) Importer(815301076,1909f56bfc062723c751e8b465ee728b)
Start importing Assets/Prefabe/PNJ/Stay/Mage.prefab using Guid(96840cec2ba6546479c67740d38d7737) Importer(815301076,1909f56bfc062723c751e8b465ee728b)  -> (artifact id: 'fb96e89884a136a29e2e6a5996fc27da') in 0.046004 seconds 
========================================================================
Received Import Request.
  Time since last request: 0.000199 seconds.
  path: Assets/Prefabe/PNJ/Stay/PNJ Stay.prefab
  artifactKey: Guid(9ceea3d20e0afcc4ebc1ef094bb731b7) Importer(815301076,1909f56bfc062723c751e8b465ee728b)
Start importing Assets/Prefabe/PNJ/Stay/PNJ Stay.prefab using Guid(9ceea3d20e0afcc4ebc1ef094bb731b7) Importer(815301076,1909f56bfc062723c751e8b465ee728b)  -> (artifact id: '02d902d9641f4db06fe77a6f1cdf768a') in 0.045920 seconds 
========================================================================
Received Import Request.
  Time since last request: 0.000155 seconds.
  path: Assets/Prefabe/PNJ/Stay/Tank.prefab
  artifactKey: Guid(9ab5f0a5c7de80845881daa865c48e04) Importer(815301076,1909f56bfc062723c751e8b465ee728b)
Start importing Assets/Prefabe/PNJ/Stay/Tank.prefab using Guid(9ab5f0a5c7de80845881daa865c48e04) Importer(815301076,1909f56bfc062723c751e8b465ee728b)  -> (artifact id: '70b4bcfabc324c92ebc99d3f1112ccfd') in 0.046345 seconds 
========================================================================
Received Import Request.
  Time since last request: 0.000151 seconds.
  path: Assets/Prefabe/PNJ/Stay/Double Epee.prefab
  artifactKey: Guid(31626de3f0ce0e94999326e4f8510e4f) Importer(815301076,1909f56bfc062723c751e8b465ee728b)
Start importing Assets/Prefabe/PNJ/Stay/Double Epee.prefab using Guid(31626de3f0ce0e94999326e4f8510e4f) Importer(815301076,1909f56bfc062723c751e8b465ee728b)  -> (artifact id: 'a0241735476ba8953c420a97ccf6d775') in 0.029552 seconds 
========================================================================
Received Import Request.
  Time since last request: 171.414427 seconds.
  path: Assets/Prefabe/PNJ/Stay/Rien.prefab
  artifactKey: Guid(965e8354fa557d341b0f84de22bcfceb) Importer(815301076,1909f56bfc062723c751e8b465ee728b)
Start importing Assets/Prefabe/PNJ/Stay/Rien.prefab using Guid(965e8354fa557d341b0f84de22bcfceb) Importer(815301076,1909f56bfc062723c751e8b465ee728b)  -> (artifact id: 'ebc038aed8209699154856c3be0e6dad') in 0.045164 seconds 
========================================================================
Received Import Request.
  Time since last request: 84.857896 seconds.
  path: Assets/Import/Perso/Material
  artifactKey: Guid(d84532d55152d3e419021b2df6538d04) Importer(815301076,1909f56bfc062723c751e8b465ee728b)
Start importing Assets/Import/Perso/Material using Guid(d84532d55152d3e419021b2df6538d04) Importer(815301076,1909f56bfc062723c751e8b465ee728b)  -> (artifact id: '3d41545d897c0c2aedcf03c500e0e075') in 0.004770 seconds 
========================================================================
Received Import Request.
  Time since last request: 0.079722 seconds.
  path: Assets/Import/Perso/Material/character.physicMaterial
  artifactKey: Guid(f5aca5c2225fdd1408ebab72e98e43e8) Importer(815301076,1909f56bfc062723c751e8b465ee728b)
Start importing Assets/Import/Perso/Material/character.physicMaterial using Guid(f5aca5c2225fdd1408ebab72e98e43e8) Importer(815301076,1909f56bfc062723c751e8b465ee728b)  -> (artifact id: '218228e1274ce9f65574fdc29faeeec0') in 0.009657 seconds 
========================================================================
Received Import Request.
  Time since last request: 0.000160 seconds.
  path: Assets/Import/Perso/Material/PolyArtMat.mat
  artifactKey: Guid(e46b1dc4941ed174e87f172cb5e65374) Importer(815301076,1909f56bfc062723c751e8b465ee728b)
Start importing Assets/Import/Perso/Material/PolyArtMat.mat using Guid(e46b1dc4941ed174e87f172cb5e65374) Importer(815301076,1909f56bfc062723c751e8b465ee728b)  -> (artifact id: 'a9c48eb160917a8967f0a01fd8616974') in 0.070294 seconds 
========================================================================
Received Import Request.
  Time since last request: 0.000155 seconds.
  path: Assets/Import/Perso/Material/PolyArtMaskTint.mat
  artifactKey: Guid(67ba5db7871968141908f7c263241b5c) Importer(815301076,1909f56bfc062723c751e8b465ee728b)
Start importing Assets/Import/Perso/Material/PolyArtMaskTint.mat using Guid(67ba5db7871968141908f7c263241b5c) Importer(815301076,1909f56bfc062723c751e8b465ee728b)  -> (artifact id: '507db85a21648a6449c3769d71a0dcd3') in 0.045729 seconds 
========================================================================
Received Import Request.
  Time since last request: 0.000151 seconds.
  path: Assets/Import/Perso/Material/Skybox_Mat.mat
  artifactKey: Guid(dd12ddc72d8f80b498259730bb39d7f4) Importer(815301076,1909f56bfc062723c751e8b465ee728b)
Start importing Assets/Import/Perso/Material/Skybox_Mat.mat using Guid(dd12ddc72d8f80b498259730bb39d7f4) Importer(815301076,1909f56bfc062723c751e8b465ee728b)  -> (artifact id: '1568e1679f210b6821d1f8b98cc3e411') in 0.047306 seconds 
========================================================================
Received Import Request.
  Time since last request: 0.000269 seconds.
  path: Assets/Import/Perso/Material/Stage 2.mat
  artifactKey: Guid(7f82c999d87a7664198abc1925cfe3d9) Importer(815301076,1909f56bfc062723c751e8b465ee728b)
Start importing Assets/Import/Perso/Material/Stage 2.mat using Guid(7f82c999d87a7664198abc1925cfe3d9) Importer(815301076,1909f56bfc062723c751e8b465ee728b)  -> (artifact id: '0a1a359d20e91392a9b2d171c58bdd09') in 0.039620 seconds 
========================================================================
Received Import Request.
  Time since last request: 23.284590 seconds.
  path: Assets/Import/Perso/Material/Autre.mat
  artifactKey: Guid(885fe42247702d848b4155b324d89342) Importer(815301076,1909f56bfc062723c751e8b465ee728b)
Start importing Assets/Import/Perso/Material/Autre.mat using Guid(885fe42247702d848b4155b324d89342) Importer(815301076,1909f56bfc062723c751e8b465ee728b)  -> (artifact id: 'deb6ca016343ab852d7944a1181f053e') in 0.040945 seconds 
========================================================================
Received Import Request.
  Time since last request: 376.592826 seconds.
  path: Assets/Prefabe/Maps/Village/Desert.prefab
  artifactKey: Guid(9274b8a9215114f41a10e0395e4e9ff5) Importer(815301076,1909f56bfc062723c751e8b465ee728b)
Start importing Assets/Prefabe/Maps/Village/Desert.prefab using Guid(9274b8a9215114f41a10e0395e4e9ff5) Importer(815301076,1909f56bfc062723c751e8b465ee728b) Asset 'Spitnick': Transition 'Attaque -> IdleNormal' in state 'Attaque' doesn't have an Exit Time or any condition, transition will be ignored
UnityEngine.StackTraceUtility:ExtractStackTrace ()
UnityEditor.EditorUtility:Internal_InstantiateRemoveAllNonAnimationComponentsSingle (UnityEngine.Object,UnityEngine.Vector3,UnityEngine.Quaternion)
UnityEditor.EditorUtility:InstantiateRemoveAllNonAnimationComponents (UnityEngine.Object,UnityEngine.Vector3,UnityEngine.Quaternion)
UnityEditor.EditorUtility:InstantiateForAnimatorPreview (UnityEngine.Object)
UnityEditor.GameObjectInspector/PreviewData:UpdateGameObject (UnityEngine.Object)
UnityEditor.GameObjectInspector/PreviewData:.ctor (UnityEngine.Object)
UnityEditor.GameObjectInspector:GetPreviewData ()
UnityEditor.GameObjectInspector:RenderStaticPreview (string,UnityEngine.Object[],int,int)
UnityEditor.AssetPreviewUpdater:CreatePreview (UnityEngine.Object,UnityEngine.Object[],string,int,int)
UnityEditor.AssetPreviewUpdater:CreatePreviewForAsset (UnityEngine.Object,UnityEngine.Object[],string)

[C:\buildslave\unity\build\Editor/Src/Animation/StateMachine.cpp line 1847]

 -> (artifact id: '061575eddab23f2dfecbd69e57384e31') in 0.103484 seconds 
========================================================================
Received Import Request.
  Time since last request: 0.000180 seconds.
  path: Assets/Prefabe/Maps/Village/Village.prefab
  artifactKey: Guid(71b69fc12914370419f1e061698b04ac) Importer(815301076,1909f56bfc062723c751e8b465ee728b)
Start importing Assets/Prefabe/Maps/Village/Village.prefab using Guid(71b69fc12914370419f1e061698b04ac) Importer(815301076,1909f56bfc062723c751e8b465ee728b)  -> (artifact id: 'eb122ef0322f6de2e6eda9e92ddf5e3b') in 0.170109 seconds 
AssetImportWorkerClient::OnTransportError - code=2 error=End of file
